/nfs/homedirs/gmik/lrgwn/.venv/lib/python3.11/site-packages/torch_geometric/data/dataset.py:115: UserWarning: The `pre_transform` argument differs from the one used in the pre-processed version of this dataset. If you want to make use of another pre-processing technique, pass `force_reload=True` explicitly to reload the dataset.
  self._process()
wandb: [wandb.login()] Loaded credentials for https://api.wandb.ai from /nfs/homedirs/gmik/.netrc.
wandb: Currently logged in as: m-goloshchapov (m_goloshchapov) to https://api.wandb.ai. Use `wandb login --relogin` to force relogin
wandb: setting up run i5fz1nzb
wandb: Tracking run with wandb version 0.24.2
wandb: Run data is saved locally in /nfs/homedirs/gmik/lrgwn/wandb/run-20260305_142357-i5fz1nzb
wandb: Run `wandb offline` to turn off syncing.
wandb: Syncing run daily-aardvark-10
wandb: ⭐️ View project at https://wandb.ai/m_goloshchapov/peptides-func
wandb: 🚀 View run at https://wandb.ai/m_goloshchapov/peptides-func/runs/i5fz1nzb
Epoch 1, train loss 0.3909, val loss 0.3551, val average_precision 0.2167
Epoch 2, train loss 0.3405, val loss 0.3194, val average_precision 0.2979
Epoch 3, train loss 0.3166, val loss 0.3070, val average_precision 0.3244
Epoch 4, train loss 0.3025, val loss 0.2909, val average_precision 0.3916
Epoch 5, train loss 0.2921, val loss 0.2776, val average_precision 0.4042
Epoch 6, train loss 0.2855, val loss 0.2797, val average_precision 0.4134
Epoch 7, train loss 0.2740, val loss 0.2697, val average_precision 0.4433
Epoch 8, train loss 0.2693, val loss 0.2676, val average_precision 0.4447
Epoch 9, train loss 0.2626, val loss 0.2590, val average_precision 0.4628
Epoch 10, train loss 0.2568, val loss 0.2472, val average_precision 0.5060
Epoch 11, train loss 0.2493, val loss 0.2455, val average_precision 0.5190
Epoch 12, train loss 0.2441, val loss 0.2405, val average_precision 0.5231
Epoch 13, train loss 0.2386, val loss 0.2405, val average_precision 0.5195
Epoch 14, train loss 0.2372, val loss 0.2349, val average_precision 0.5406
Epoch 15, train loss 0.2275, val loss 0.2326, val average_precision 0.5454
Epoch 16, train loss 0.2225, val loss 0.2233, val average_precision 0.5553
Epoch 17, train loss 0.2190, val loss 0.2269, val average_precision 0.5458
Epoch 18, train loss 0.2194, val loss 0.2211, val average_precision 0.5664
Epoch 19, train loss 0.2139, val loss 0.2149, val average_precision 0.5781
Epoch 20, train loss 0.2096, val loss 0.2148, val average_precision 0.5846
Epoch 21, train loss 0.2044, val loss 0.2139, val average_precision 0.5859
Epoch 22, train loss 0.2007, val loss 0.2229, val average_precision 0.5778
Epoch 23, train loss 0.1969, val loss 0.2213, val average_precision 0.5875
Epoch 24, train loss 0.1941, val loss 0.2094, val average_precision 0.6027
Epoch 25, train loss 0.1904, val loss 0.2110, val average_precision 0.6225
Epoch 26, train loss 0.1913, val loss 0.2043, val average_precision 0.6198
Epoch 27, train loss 0.1865, val loss 0.2091, val average_precision 0.6237
Epoch 28, train loss 0.1832, val loss 0.2101, val average_precision 0.6270
Epoch 29, train loss 0.1819, val loss 0.2098, val average_precision 0.6232
Epoch 30, train loss 0.1781, val loss 0.2121, val average_precision 0.6214
Epoch 31, train loss 0.1726, val loss 0.2036, val average_precision 0.6321
Epoch 32, train loss 0.1695, val loss 0.2145, val average_precision 0.6277
Epoch 33, train loss 0.1713, val loss 0.2094, val average_precision 0.6339
Epoch 34, train loss 0.1722, val loss 0.2072, val average_precision 0.6384
Epoch 35, train loss 0.1655, val loss 0.2036, val average_precision 0.6472
Epoch 36, train loss 0.1613, val loss 0.2088, val average_precision 0.6415
Epoch 37, train loss 0.1574, val loss 0.2051, val average_precision 0.6588
Epoch 38, train loss 0.1551, val loss 0.2013, val average_precision 0.6524
Epoch 39, train loss 0.1510, val loss 0.2065, val average_precision 0.6611
Epoch 40, train loss 0.1483, val loss 0.2084, val average_precision 0.6616
Epoch 41, train loss 0.1449, val loss 0.2109, val average_precision 0.6631
Epoch 42, train loss 0.1471, val loss 0.2127, val average_precision 0.6469
Epoch 43, train loss 0.1441, val loss 0.2054, val average_precision 0.6665
Epoch 44, train loss 0.1383, val loss 0.2165, val average_precision 0.6552
Epoch 45, train loss 0.1384, val loss 0.2100, val average_precision 0.6533
Epoch 46, train loss 0.1376, val loss 0.2141, val average_precision 0.6651
Epoch 47, train loss 0.1335, val loss 0.2093, val average_precision 0.6626
Epoch 48, train loss 0.1293, val loss 0.2092, val average_precision 0.6794
Epoch 49, train loss 0.1265, val loss 0.2212, val average_precision 0.6579
Epoch 50, train loss 0.1268, val loss 0.2209, val average_precision 0.6779
Epoch 51, train loss 0.1230, val loss 0.2198, val average_precision 0.6625
Epoch 52, train loss 0.1222, val loss 0.2325, val average_precision 0.6559
Epoch 53, train loss 0.1189, val loss 0.2287, val average_precision 0.6649
Epoch 54, train loss 0.1181, val loss 0.2117, val average_precision 0.6774
Epoch 55, train loss 0.1141, val loss 0.2307, val average_precision 0.6679
Epoch 56, train loss 0.1136, val loss 0.2229, val average_precision 0.6854
Epoch 57, train loss 0.1115, val loss 0.2201, val average_precision 0.6766
Epoch 58, train loss 0.1087, val loss 0.2274, val average_precision 0.6667
Epoch 59, train loss 0.1069, val loss 0.2294, val average_precision 0.6856
Epoch 60, train loss 0.1045, val loss 0.2233, val average_precision 0.6874
Epoch 61, train loss 0.1069, val loss 0.2370, val average_precision 0.6636
Epoch 62, train loss 0.1059, val loss 0.2324, val average_precision 0.6729
Epoch 63, train loss 0.1017, val loss 0.2377, val average_precision 0.6915
Epoch 64, train loss 0.0984, val loss 0.2319, val average_precision 0.6804
Epoch 65, train loss 0.0969, val loss 0.2494, val average_precision 0.6677
Epoch 66, train loss 0.1009, val loss 0.2376, val average_precision 0.6769
Epoch 67, train loss 0.0968, val loss 0.2423, val average_precision 0.6838
Epoch 68, train loss 0.0941, val loss 0.2425, val average_precision 0.6776
Epoch 69, train loss 0.0943, val loss 0.2537, val average_precision 0.6864
Epoch 70, train loss 0.0904, val loss 0.2498, val average_precision 0.6795
Epoch 71, train loss 0.0906, val loss 0.2535, val average_precision 0.6898
Epoch 72, train loss 0.0898, val loss 0.2602, val average_precision 0.6830
Epoch 73, train loss 0.0899, val loss 0.2505, val average_precision 0.6893
Epoch 74, train loss 0.0863, val loss 0.2607, val average_precision 0.6778
Epoch 75, train loss 0.0857, val loss 0.2483, val average_precision 0.6938
Epoch 76, train loss 0.0834, val loss 0.2679, val average_precision 0.6794
Epoch 77, train loss 0.0847, val loss 0.2668, val average_precision 0.6870
Epoch 78, train loss 0.0872, val loss 0.2721, val average_precision 0.6829
Epoch 79, train loss 0.0809, val loss 0.2670, val average_precision 0.6793
Epoch 80, train loss 0.0784, val loss 0.2663, val average_precision 0.6874
Epoch 81, train loss 0.0810, val loss 0.2722, val average_precision 0.6825
Epoch 82, train loss 0.0815, val loss 0.2685, val average_precision 0.6772
Epoch 83, train loss 0.0743, val loss 0.2783, val average_precision 0.6865
Epoch 84, train loss 0.0767, val loss 0.2824, val average_precision 0.6856
Epoch 85, train loss 0.0728, val loss 0.2829, val average_precision 0.6894
Epoch 86, train loss 0.0703, val loss 0.2904, val average_precision 0.6824
Epoch 87, train loss 0.0721, val loss 0.2863, val average_precision 0.6887
Epoch 88, train loss 0.0743, val loss 0.2821, val average_precision 0.6895
Epoch 89, train loss 0.0729, val loss 0.2899, val average_precision 0.6924
Epoch 90, train loss 0.0716, val loss 0.2906, val average_precision 0.6815
Epoch 91, train loss 0.0703, val loss 0.2896, val average_precision 0.6813
Epoch 92, train loss 0.0691, val loss 0.2900, val average_precision 0.6977
Epoch 93, train loss 0.0668, val loss 0.2943, val average_precision 0.6950
Epoch 94, train loss 0.0700, val loss 0.2949, val average_precision 0.6916
Epoch 95, train loss 0.0694, val loss 0.2825, val average_precision 0.6822
Epoch 96, train loss 0.0684, val loss 0.2964, val average_precision 0.6838
Epoch 97, train loss 0.0651, val loss 0.2874, val average_precision 0.6893
Epoch 98, train loss 0.0615, val loss 0.3108, val average_precision 0.6874
Epoch 99, train loss 0.0608, val loss 0.3143, val average_precision 0.6795
Epoch 100, train loss 0.0618, val loss 0.3076, val average_precision 0.6818
Epoch 101, train loss 0.0653, val loss 0.3115, val average_precision 0.6826
Epoch 102, train loss 0.0612, val loss 0.3063, val average_precision 0.6853
Epoch 103, train loss 0.0567, val loss 0.3334, val average_precision 0.6837
Epoch 104, train loss 0.0617, val loss 0.3173, val average_precision 0.6827
Epoch 105, train loss 0.0578, val loss 0.3198, val average_precision 0.6787
Epoch 106, train loss 0.0598, val loss 0.3220, val average_precision 0.6824
Epoch 107, train loss 0.0586, val loss 0.3196, val average_precision 0.6807
Epoch 108, train loss 0.0570, val loss 0.3251, val average_precision 0.6837
Epoch 109, train loss 0.0549, val loss 0.3150, val average_precision 0.6924
Epoch 110, train loss 0.0582, val loss 0.3153, val average_precision 0.6860
Epoch 111, train loss 0.0568, val loss 0.3203, val average_precision 0.6810
Epoch 112, train loss 0.0552, val loss 0.3302, val average_precision 0.6882
Epoch 113, train loss 0.0560, val loss 0.3137, val average_precision 0.6918
Epoch 114, train loss 0.0508, val loss 0.3288, val average_precision 0.6751
Epoch 115, train loss 0.0508, val loss 0.3256, val average_precision 0.6914
Epoch 116, train loss 0.0517, val loss 0.3460, val average_precision 0.6790
Epoch 117, train loss 0.0528, val loss 0.3360, val average_precision 0.6818
Epoch 118, train loss 0.0507, val loss 0.3249, val average_precision 0.7025
Epoch 119, train loss 0.0509, val loss 0.3390, val average_precision 0.6833
Epoch 120, train loss 0.0513, val loss 0.3343, val average_precision 0.6885
Epoch 121, train loss 0.0510, val loss 0.3379, val average_precision 0.6835
Epoch 122, train loss 0.0545, val loss 0.3468, val average_precision 0.6810
Epoch 123, train loss 0.0517, val loss 0.3311, val average_precision 0.6842
Epoch 124, train loss 0.0465, val loss 0.3529, val average_precision 0.6868
Epoch 125, train loss 0.0494, val loss 0.3451, val average_precision 0.6923
Epoch 126, train loss 0.0459, val loss 0.3730, val average_precision 0.6821
Epoch 127, train loss 0.0471, val loss 0.3710, val average_precision 0.6833
Epoch 128, train loss 0.0518, val loss 0.3493, val average_precision 0.6784
Epoch 129, train loss 0.0483, val loss 0.3570, val average_precision 0.6880
Epoch 130, train loss 0.0473, val loss 0.3480, val average_precision 0.6886
Epoch 131, train loss 0.0475, val loss 0.3475, val average_precision 0.6923
Epoch 132, train loss 0.0500, val loss 0.3502, val average_precision 0.6836
Epoch 133, train loss 0.0448, val loss 0.3794, val average_precision 0.6817
Epoch 134, train loss 0.0469, val loss 0.3679, val average_precision 0.6852
Epoch 135, train loss 0.0427, val loss 0.3746, val average_precision 0.6875
Epoch 136, train loss 0.0440, val loss 0.3723, val average_precision 0.6813
Epoch 137, train loss 0.0456, val loss 0.3589, val average_precision 0.6858
Epoch 138, train loss 0.0423, val loss 0.3659, val average_precision 0.6870
Epoch 139, train loss 0.0425, val loss 0.3532, val average_precision 0.6886
Epoch 140, train loss 0.0427, val loss 0.3691, val average_precision 0.6811
Epoch 141, train loss 0.0431, val loss 0.3853, val average_precision 0.6811
Epoch 142, train loss 0.0434, val loss 0.3624, val average_precision 0.6787
Epoch 143, train loss 0.0409, val loss 0.3741, val average_precision 0.6822
Epoch 144, train loss 0.0387, val loss 0.3796, val average_precision 0.6851
Epoch 145, train loss 0.0437, val loss 0.3862, val average_precision 0.6800
Epoch 146, train loss 0.0426, val loss 0.3863, val average_precision 0.6911
Epoch 147, train loss 0.0426, val loss 0.3852, val average_precision 0.6802
Epoch 148, train loss 0.0378, val loss 0.3888, val average_precision 0.6895
Epoch 149, train loss 0.0396, val loss 0.3747, val average_precision 0.6859
Epoch 150, train loss 0.0379, val loss 0.4111, val average_precision 0.6818
Epoch 151, train loss 0.0352, val loss 0.3972, val average_precision 0.6892
Epoch 152, train loss 0.0392, val loss 0.3816, val average_precision 0.6827
Epoch 153, train loss 0.0396, val loss 0.3841, val average_precision 0.6859
Epoch 154, train loss 0.0381, val loss 0.3788, val average_precision 0.6937
Epoch 155, train loss 0.0399, val loss 0.3906, val average_precision 0.6873
Epoch 156, train loss 0.0352, val loss 0.3913, val average_precision 0.6834
Epoch 157, train loss 0.0377, val loss 0.3856, val average_precision 0.6853
Epoch 158, train loss 0.0370, val loss 0.4172, val average_precision 0.6746
Epoch 159, train loss 0.0361, val loss 0.4305, val average_precision 0.6853
Epoch 160, train loss 0.0408, val loss 0.3777, val average_precision 0.6900
Epoch 161, train loss 0.0389, val loss 0.3844, val average_precision 0.6779
Epoch 162, train loss 0.0363, val loss 0.4073, val average_precision 0.6920
Epoch 163, train loss 0.0383, val loss 0.3885, val average_precision 0.6968
Epoch 164, train loss 0.0345, val loss 0.4098, val average_precision 0.6899
Epoch 165, train loss 0.0349, val loss 0.3995, val average_precision 0.6957
Epoch 166, train loss 0.0341, val loss 0.4197, val average_precision 0.6917
Epoch 167, train loss 0.0373, val loss 0.4070, val average_precision 0.6848
Epoch 168, train loss 0.0388, val loss 0.4113, val average_precision 0.6869
Epoch 169, train loss 0.0343, val loss 0.3940, val average_precision 0.6956
Epoch 170, train loss 0.0329, val loss 0.4060, val average_precision 0.6896
Epoch 171, train loss 0.0318, val loss 0.4011, val average_precision 0.6981
Epoch 172, train loss 0.0358, val loss 0.4013, val average_precision 0.6881
Epoch 173, train loss 0.0341, val loss 0.4055, val average_precision 0.6906
Epoch 174, train loss 0.0314, val loss 0.4013, val average_precision 0.6921
Epoch 175, train loss 0.0329, val loss 0.4294, val average_precision 0.6872
Epoch 176, train loss 0.0310, val loss 0.4384, val average_precision 0.6794
Epoch 177, train loss 0.0292, val loss 0.4354, val average_precision 0.6848
Epoch 178, train loss 0.0295, val loss 0.4296, val average_precision 0.6824
Epoch 179, train loss 0.0303, val loss 0.4434, val average_precision 0.6863
Epoch 180, train loss 0.0275, val loss 0.4634, val average_precision 0.6862
Epoch 181, train loss 0.0309, val loss 0.4584, val average_precision 0.6831
Epoch 182, train loss 0.0311, val loss 0.4424, val average_precision 0.6931
Epoch 183, train loss 0.0316, val loss 0.4393, val average_precision 0.6856
Epoch 184, train loss 0.0320, val loss 0.4224, val average_precision 0.6924
Epoch 185, train loss 0.0302, val loss 0.4255, val average_precision 0.6965
Epoch 186, train loss 0.0297, val loss 0.4209, val average_precision 0.6934
Epoch 187, train loss 0.0298, val loss 0.4315, val average_precision 0.6788
Epoch 188, train loss 0.0298, val loss 0.4599, val average_precision 0.6817
Epoch 189, train loss 0.0287, val loss 0.4185, val average_precision 0.6924
Epoch 190, train loss 0.0265, val loss 0.4320, val average_precision 0.6871
Epoch 191, train loss 0.0280, val loss 0.4775, val average_precision 0.6777
Epoch 192, train loss 0.0281, val loss 0.4400, val average_precision 0.6866
Epoch 193, train loss 0.0282, val loss 0.4283, val average_precision 0.6943
Epoch 194, train loss 0.0277, val loss 0.4517, val average_precision 0.6893
Epoch 195, train loss 0.0274, val loss 0.4366, val average_precision 0.6896
Epoch 196, train loss 0.0270, val loss 0.4546, val average_precision 0.6887
Epoch 197, train loss 0.0280, val loss 0.4739, val average_precision 0.6760
Epoch 198, train loss 0.0294, val loss 0.4288, val average_precision 0.6841
Epoch 199, train loss 0.0264, val loss 0.4654, val average_precision 0.6880
Epoch 200, train loss 0.0255, val loss 0.4428, val average_precision 0.6949
Epoch 201, train loss 0.0253, val loss 0.4409, val average_precision 0.6837
Epoch 202, train loss 0.0265, val loss 0.4636, val average_precision 0.6863
Epoch 203, train loss 0.0278, val loss 0.4696, val average_precision 0.6875
Epoch 204, train loss 0.0245, val loss 0.4688, val average_precision 0.6926
Epoch 205, train loss 0.0249, val loss 0.4394, val average_precision 0.6950
Epoch 206, train loss 0.0244, val loss 0.4668, val average_precision 0.6891
Epoch 207, train loss 0.0239, val loss 0.4609, val average_precision 0.7015
Epoch 208, train loss 0.0236, val loss 0.4520, val average_precision 0.7025
Epoch 209, train loss 0.0251, val loss 0.4816, val average_precision 0.6889
Epoch 210, train loss 0.0269, val loss 0.4516, val average_precision 0.6808
Epoch 211, train loss 0.0240, val loss 0.4490, val average_precision 0.6860
Epoch 212, train loss 0.0255, val loss 0.4697, val average_precision 0.6849
Epoch 213, train loss 0.0271, val loss 0.4605, val average_precision 0.6910
Epoch 214, train loss 0.0254, val loss 0.4823, val average_precision 0.6845
Epoch 215, train loss 0.0251, val loss 0.4536, val average_precision 0.6850
Epoch 216, train loss 0.0225, val loss 0.4533, val average_precision 0.6889
Epoch 217, train loss 0.0213, val loss 0.4835, val average_precision 0.6928
Epoch 218, train loss 0.0247, val loss 0.4710, val average_precision 0.6875
Epoch 219, train loss 0.0225, val loss 0.4768, val average_precision 0.6891
Epoch 220, train loss 0.0231, val loss 0.4852, val average_precision 0.6835
Epoch 221, train loss 0.0228, val loss 0.4685, val average_precision 0.6826
Epoch 222, train loss 0.0238, val loss 0.4541, val average_precision 0.6882
Epoch 223, train loss 0.0232, val loss 0.4652, val average_precision 0.6810
Epoch 224, train loss 0.0242, val loss 0.4507, val average_precision 0.6948
Epoch 225, train loss 0.0223, val loss 0.4690, val average_precision 0.6916
Epoch 226, train loss 0.0207, val loss 0.4817, val average_precision 0.6909
Epoch 227, train loss 0.0236, val loss 0.4803, val average_precision 0.6860
Epoch 228, train loss 0.0220, val loss 0.4831, val average_precision 0.6910
Epoch 229, train loss 0.0224, val loss 0.4720, val average_precision 0.6924
Epoch 230, train loss 0.0216, val loss 0.4921, val average_precision 0.6906
Epoch 231, train loss 0.0207, val loss 0.4813, val average_precision 0.6941
Epoch 232, train loss 0.0212, val loss 0.4929, val average_precision 0.6966
Epoch 233, train loss 0.0225, val loss 0.4756, val average_precision 0.6917
Epoch 234, train loss 0.0222, val loss 0.4748, val average_precision 0.6946
Epoch 235, train loss 0.0207, val loss 0.4973, val average_precision 0.6885
Epoch 236, train loss 0.0234, val loss 0.4799, val average_precision 0.6869
Epoch 237, train loss 0.0211, val loss 0.4826, val average_precision 0.6912
Epoch 238, train loss 0.0201, val loss 0.4805, val average_precision 0.6987
Epoch 239, train loss 0.0197, val loss 0.4918, val average_precision 0.6852
Epoch 240, train loss 0.0214, val loss 0.4926, val average_precision 0.6867
Epoch 241, train loss 0.0193, val loss 0.4928, val average_precision 0.6877
Epoch 242, train loss 0.0186, val loss 0.4883, val average_precision 0.6927
Epoch 243, train loss 0.0181, val loss 0.4903, val average_precision 0.6934
Epoch 244, train loss 0.0196, val loss 0.4946, val average_precision 0.6983
Epoch 245, train loss 0.0181, val loss 0.4960, val average_precision 0.6868
Epoch 246, train loss 0.0193, val loss 0.4935, val average_precision 0.6913
Epoch 247, train loss 0.0189, val loss 0.4807, val average_precision 0.6842
Epoch 248, train loss 0.0176, val loss 0.4915, val average_precision 0.6949
Epoch 249, train loss 0.0184, val loss 0.5005, val average_precision 0.6957
Epoch 250, train loss 0.0190, val loss 0.5218, val average_precision 0.6917
Epoch 251, train loss 0.0178, val loss 0.5129, val average_precision 0.6876
Epoch 252, train loss 0.0180, val loss 0.4814, val average_precision 0.6944
Epoch 253, train loss 0.0191, val loss 0.4895, val average_precision 0.6968
Epoch 254, train loss 0.0176, val loss 0.5142, val average_precision 0.6920
Epoch 255, train loss 0.0173, val loss 0.4871, val average_precision 0.6873
Epoch 256, train loss 0.0179, val loss 0.5070, val average_precision 0.6835
Epoch 257, train loss 0.0181, val loss 0.5074, val average_precision 0.6944
Epoch 258, train loss 0.0183, val loss 0.5230, val average_precision 0.6900
Epoch 259, train loss 0.0184, val loss 0.5211, val average_precision 0.6914
Epoch 260, train loss 0.0157, val loss 0.5255, val average_precision 0.6899
Epoch 261, train loss 0.0167, val loss 0.5185, val average_precision 0.6895
Epoch 262, train loss 0.0165, val loss 0.4927, val average_precision 0.6945
Epoch 263, train loss 0.0175, val loss 0.5480, val average_precision 0.6947
Epoch 264, train loss 0.0170, val loss 0.5122, val average_precision 0.6921
Epoch 265, train loss 0.0155, val loss 0.5066, val average_precision 0.6935
Epoch 266, train loss 0.0155, val loss 0.5321, val average_precision 0.6944
Epoch 267, train loss 0.0165, val loss 0.5366, val average_precision 0.6927
Epoch 268, train loss 0.0168, val loss 0.5456, val average_precision 0.6896
Epoch 269, train loss 0.0157, val loss 0.5335, val average_precision 0.6906
Epoch 270, train loss 0.0157, val loss 0.5474, val average_precision 0.6936
Epoch 271, train loss 0.0157, val loss 0.5280, val average_precision 0.6878
Epoch 272, train loss 0.0155, val loss 0.5217, val average_precision 0.6942
Epoch 273, train loss 0.0154, val loss 0.5249, val average_precision 0.6976
Epoch 274, train loss 0.0164, val loss 0.5171, val average_precision 0.7009
Epoch 275, train loss 0.0151, val loss 0.5136, val average_precision 0.6969
Epoch 276, train loss 0.0138, val loss 0.5317, val average_precision 0.6908
Epoch 277, train loss 0.0137, val loss 0.5468, val average_precision 0.6904
Epoch 278, train loss 0.0156, val loss 0.5256, val average_precision 0.6946
Epoch 279, train loss 0.0153, val loss 0.5308, val average_precision 0.6893
Epoch 280, train loss 0.0163, val loss 0.5460, val average_precision 0.6939
Epoch 281, train loss 0.0151, val loss 0.5287, val average_precision 0.6947
Epoch 282, train loss 0.0164, val loss 0.5241, val average_precision 0.6914
Epoch 283, train loss 0.0141, val loss 0.5272, val average_precision 0.6920
Epoch 284, train loss 0.0149, val loss 0.5484, val average_precision 0.6873
Epoch 285, train loss 0.0164, val loss 0.5434, val average_precision 0.6897
Epoch 286, train loss 0.0148, val loss 0.5360, val average_precision 0.6881
Epoch 287, train loss 0.0134, val loss 0.5525, val average_precision 0.6902
Epoch 288, train loss 0.0157, val loss 0.5387, val average_precision 0.6941
Epoch 289, train loss 0.0144, val loss 0.5498, val average_precision 0.6867
Epoch 290, train loss 0.0130, val loss 0.5289, val average_precision 0.6913
Epoch 291, train loss 0.0140, val loss 0.5381, val average_precision 0.6962
Epoch 292, train loss 0.0140, val loss 0.5231, val average_precision 0.6971
Epoch 293, train loss 0.0142, val loss 0.5246, val average_precision 0.6971
Epoch 294, train loss 0.0134, val loss 0.5210, val average_precision 0.6951
Epoch 295, train loss 0.0118, val loss 0.5673, val average_precision 0.6954
Epoch 296, train loss 0.0116, val loss 0.5668, val average_precision 0.6956
Epoch 297, train loss 0.0127, val loss 0.5380, val average_precision 0.6984
Epoch 298, train loss 0.0138, val loss 0.5404, val average_precision 0.6932
Epoch 299, train loss 0.0137, val loss 0.5638, val average_precision 0.6895
Epoch 300, train loss 0.0135, val loss 0.5372, val average_precision 0.6968
Epoch 301, train loss 0.0118, val loss 0.5590, val average_precision 0.6930
Epoch 302, train loss 0.0126, val loss 0.5673, val average_precision 0.6930
Epoch 303, train loss 0.0121, val loss 0.5382, val average_precision 0.6974
Epoch 304, train loss 0.0124, val loss 0.5317, val average_precision 0.6974
Epoch 305, train loss 0.0112, val loss 0.5600, val average_precision 0.6935
Epoch 306, train loss 0.0113, val loss 0.5501, val average_precision 0.7004
Epoch 307, train loss 0.0111, val loss 0.5735, val average_precision 0.6991
Epoch 308, train loss 0.0116, val loss 0.5316, val average_precision 0.6975
Epoch 309, train loss 0.0105, val loss 0.5671, val average_precision 0.7006
Epoch 310, train loss 0.0113, val loss 0.5640, val average_precision 0.6980
Epoch 311, train loss 0.0125, val loss 0.5560, val average_precision 0.6897
Epoch 312, train loss 0.0117, val loss 0.5635, val average_precision 0.6940
Epoch 313, train loss 0.0115, val loss 0.5611, val average_precision 0.6920
Epoch 314, train loss 0.0118, val loss 0.5397, val average_precision 0.6939
Epoch 315, train loss 0.0110, val loss 0.5728, val average_precision 0.6934
Epoch 316, train loss 0.0115, val loss 0.5692, val average_precision 0.6980
Epoch 317, train loss 0.0110, val loss 0.5662, val average_precision 0.6964
Epoch 318, train loss 0.0105, val loss 0.5649, val average_precision 0.6937
Epoch 319, train loss 0.0114, val loss 0.5561, val average_precision 0.6968
Epoch 320, train loss 0.0116, val loss 0.5449, val average_precision 0.6932
Epoch 321, train loss 0.0114, val loss 0.5458, val average_precision 0.6952
Epoch 322, train loss 0.0107, val loss 0.5669, val average_precision 0.6959
Epoch 323, train loss 0.0109, val loss 0.5371, val average_precision 0.6991
Epoch 324, train loss 0.0106, val loss 0.5803, val average_precision 0.6949
Epoch 325, train loss 0.0110, val loss 0.5764, val average_precision 0.6963
Epoch 326, train loss 0.0107, val loss 0.5772, val average_precision 0.6942
Epoch 327, train loss 0.0106, val loss 0.5877, val average_precision 0.6942
Epoch 328, train loss 0.0106, val loss 0.5741, val average_precision 0.6965
Epoch 329, train loss 0.0106, val loss 0.5667, val average_precision 0.6970
Epoch 330, train loss 0.0106, val loss 0.5587, val average_precision 0.6955
Epoch 331, train loss 0.0103, val loss 0.5741, val average_precision 0.6947
Epoch 332, train loss 0.0104, val loss 0.5789, val average_precision 0.6925
Epoch 333, train loss 0.0108, val loss 0.5614, val average_precision 0.6972
Epoch 334, train loss 0.0101, val loss 0.5629, val average_precision 0.6956
Epoch 335, train loss 0.0100, val loss 0.5672, val average_precision 0.6967
Epoch 336, train loss 0.0103, val loss 0.5759, val average_precision 0.6968
Epoch 337, train loss 0.0098, val loss 0.5677, val average_precision 0.6969
Epoch 338, train loss 0.0095, val loss 0.5611, val average_precision 0.6993
Epoch 339, train loss 0.0098, val loss 0.5619, val average_precision 0.6949
Epoch 340, train loss 0.0096, val loss 0.5650, val average_precision 0.6978
Epoch 341, train loss 0.0088, val loss 0.5794, val average_precision 0.6937
Epoch 342, train loss 0.0092, val loss 0.5903, val average_precision 0.6935
Epoch 343, train loss 0.0098, val loss 0.5846, val average_precision 0.6973
Epoch 344, train loss 0.0102, val loss 0.5826, val average_precision 0.6988
Epoch 345, train loss 0.0100, val loss 0.5847, val average_precision 0.6971
Epoch 346, train loss 0.0097, val loss 0.5859, val average_precision 0.6981
Epoch 347, train loss 0.0098, val loss 0.5682, val average_precision 0.6984
Epoch 348, train loss 0.0090, val loss 0.5685, val average_precision 0.7021
Epoch 349, train loss 0.0086, val loss 0.5868, val average_precision 0.6949
Epoch 350, train loss 0.0095, val loss 0.5716, val average_precision 0.6976
Epoch 351, train loss 0.0088, val loss 0.5810, val average_precision 0.6993
Epoch 352, train loss 0.0092, val loss 0.5761, val average_precision 0.6976
Epoch 353, train loss 0.0090, val loss 0.5651, val average_precision 0.7007
Epoch 354, train loss 0.0090, val loss 0.5824, val average_precision 0.6968
Epoch 355, train loss 0.0088, val loss 0.5788, val average_precision 0.6995
Epoch 356, train loss 0.0085, val loss 0.5740, val average_precision 0.6986
Epoch 357, train loss 0.0085, val loss 0.5790, val average_precision 0.6966
Epoch 358, train loss 0.0088, val loss 0.5822, val average_precision 0.6959
Epoch 359, train loss 0.0078, val loss 0.5958, val average_precision 0.6967
Epoch 360, train loss 0.0085, val loss 0.6050, val average_precision 0.6931
Epoch 361, train loss 0.0080, val loss 0.5917, val average_precision 0.6953
Epoch 362, train loss 0.0084, val loss 0.5929, val average_precision 0.6968
Epoch 363, train loss 0.0079, val loss 0.5895, val average_precision 0.6967
Epoch 364, train loss 0.0077, val loss 0.5998, val average_precision 0.6973
Epoch 365, train loss 0.0085, val loss 0.6023, val average_precision 0.6982
Epoch 366, train loss 0.0078, val loss 0.5986, val average_precision 0.6983
Epoch 367, train loss 0.0076, val loss 0.6008, val average_precision 0.6988
Epoch 368, train loss 0.0080, val loss 0.5894, val average_precision 0.6996
Epoch 369, train loss 0.0076, val loss 0.6070, val average_precision 0.6980
Epoch 370, train loss 0.0079, val loss 0.6070, val average_precision 0.6946
Epoch 371, train loss 0.0077, val loss 0.5951, val average_precision 0.6962
Epoch 372, train loss 0.0074, val loss 0.5964, val average_precision 0.6950
Epoch 373, train loss 0.0076, val loss 0.5850, val average_precision 0.6975
Epoch 374, train loss 0.0076, val loss 0.6049, val average_precision 0.6989
Epoch 375, train loss 0.0077, val loss 0.5793, val average_precision 0.7015
Epoch 376, train loss 0.0076, val loss 0.5959, val average_precision 0.6996
Epoch 377, train loss 0.0075, val loss 0.5979, val average_precision 0.6964
Epoch 378, train loss 0.0074, val loss 0.5984, val average_precision 0.6991
Epoch 379, train loss 0.0073, val loss 0.5945, val average_precision 0.6988
Epoch 380, train loss 0.0071, val loss 0.6043, val average_precision 0.6999
Epoch 381, train loss 0.0075, val loss 0.6053, val average_precision 0.7001
Epoch 382, train loss 0.0076, val loss 0.5890, val average_precision 0.6996
Epoch 383, train loss 0.0073, val loss 0.6064, val average_precision 0.7020
Epoch 384, train loss 0.0071, val loss 0.5888, val average_precision 0.6993
Epoch 385, train loss 0.0067, val loss 0.5971, val average_precision 0.7030
Epoch 386, train loss 0.0071, val loss 0.6178, val average_precision 0.7007
Epoch 387, train loss 0.0073, val loss 0.5905, val average_precision 0.7027
Epoch 388, train loss 0.0069, val loss 0.6060, val average_precision 0.6995
Epoch 389, train loss 0.0066, val loss 0.6092, val average_precision 0.6961
Epoch 390, train loss 0.0073, val loss 0.6327, val average_precision 0.6987
Epoch 391, train loss 0.0068, val loss 0.6206, val average_precision 0.6978
Epoch 392, train loss 0.0068, val loss 0.6274, val average_precision 0.6997
Epoch 393, train loss 0.0072, val loss 0.6091, val average_precision 0.6965
Epoch 394, train loss 0.0068, val loss 0.5995, val average_precision 0.6961
Epoch 395, train loss 0.0067, val loss 0.6177, val average_precision 0.6952
Epoch 396, train loss 0.0064, val loss 0.6157, val average_precision 0.6960
Epoch 397, train loss 0.0070, val loss 0.6310, val average_precision 0.6975
Epoch 398, train loss 0.0071, val loss 0.6180, val average_precision 0.6964
Epoch 399, train loss 0.0067, val loss 0.6174, val average_precision 0.6977
Epoch 400, train loss 0.0064, val loss 0.6073, val average_precision 0.6977
Epoch 401, train loss 0.0068, val loss 0.5994, val average_precision 0.6969
Epoch 402, train loss 0.0070, val loss 0.6162, val average_precision 0.6957
Epoch 403, train loss 0.0067, val loss 0.6147, val average_precision 0.6970
Epoch 404, train loss 0.0062, val loss 0.6121, val average_precision 0.6987
Epoch 405, train loss 0.0064, val loss 0.6144, val average_precision 0.6979
Epoch 406, train loss 0.0064, val loss 0.6025, val average_precision 0.6970
Epoch 407, train loss 0.0068, val loss 0.6196, val average_precision 0.6947
Epoch 408, train loss 0.0060, val loss 0.6130, val average_precision 0.6984
Epoch 409, train loss 0.0063, val loss 0.6220, val average_precision 0.6982
Epoch 410, train loss 0.0063, val loss 0.6117, val average_precision 0.6997
Epoch 411, train loss 0.0055, val loss 0.6212, val average_precision 0.6967
Epoch 412, train loss 0.0062, val loss 0.6369, val average_precision 0.6964
Epoch 413, train loss 0.0058, val loss 0.6209, val average_precision 0.6970
Epoch 414, train loss 0.0059, val loss 0.6318, val average_precision 0.6957
Epoch 415, train loss 0.0060, val loss 0.6269, val average_precision 0.6973
Epoch 416, train loss 0.0062, val loss 0.6253, val average_precision 0.6959
Epoch 417, train loss 0.0057, val loss 0.6409, val average_precision 0.6960
Epoch 418, train loss 0.0057, val loss 0.6421, val average_precision 0.6957
Epoch 419, train loss 0.0059, val loss 0.6298, val average_precision 0.6960
Epoch 420, train loss 0.0059, val loss 0.6301, val average_precision 0.6961
Epoch 421, train loss 0.0057, val loss 0.6345, val average_precision 0.6974
Epoch 422, train loss 0.0060, val loss 0.6388, val average_precision 0.6961
Epoch 423, train loss 0.0061, val loss 0.6372, val average_precision 0.6965
Epoch 424, train loss 0.0057, val loss 0.6285, val average_precision 0.6975
Epoch 425, train loss 0.0056, val loss 0.6267, val average_precision 0.6988
Epoch 426, train loss 0.0059, val loss 0.6330, val average_precision 0.6992
Epoch 427, train loss 0.0054, val loss 0.6228, val average_precision 0.6981
Epoch 428, train loss 0.0056, val loss 0.6306, val average_precision 0.6993
Epoch 429, train loss 0.0057, val loss 0.6338, val average_precision 0.7002
Epoch 430, train loss 0.0054, val loss 0.6303, val average_precision 0.7010
Epoch 431, train loss 0.0056, val loss 0.6316, val average_precision 0.7011
Epoch 432, train loss 0.0059, val loss 0.6301, val average_precision 0.6997
Epoch 433, train loss 0.0059, val loss 0.6194, val average_precision 0.7006
Epoch 434, train loss 0.0055, val loss 0.6300, val average_precision 0.6988wandb: updating run metadata
wandb: uploading output.log; uploading wandb-summary.json; uploading config.yaml
wandb: uploading history steps 498-499, summary, console lines 499-500
wandb: 
wandb: Run history:
wandb:                  epoch ▁▁▁▁▂▂▂▂▂▂▂▃▃▃▃▃▄▄▄▄▅▅▅▅▆▆▆▆▆▆▇▇▇▇▇█████
wandb: test/average_precision ▁▃▄▇▇▇▇▇▇█▇█▇▇██████████████████████████
wandb:              test/loss ▂▁▁▁▁▂▂▂▂▃▄▃▃▄▃▄▄▄▄▄▅▅▆▆▆▆▆▇▆▇▆▇▇▇▇█████
wandb:      train/global_step ▁▁▁▂▂▂▂▂▃▃▃▃▃▃▄▄▄▄▄▄▄▄▅▅▅▅▅▆▆▆▆▆▆▆▆▇▇▇██
wandb:             train/loss █▇▇▆▆▄▄▃▃▃▃▃▃▃▂▂▂▂▂▂▂▂▂▂▂▂▁▁▁▁▁▁▁▁▁▁▁▁▁▁
wandb:               train/lr ██████▇▇▇▆▆▆▆▆▅▅▅▄▄▄▄▃▃▃▃▃▃▃▃▂▂▂▂▂▁▁▁▁▁▁
wandb:  val/average_precision ▁▃▄▅▆███████████████████████████████████
wandb:               val/loss ▁▁▁▁▁▂▃▃▃▃▃▄▄▄▄▄▄▅▄▅▆▆▆▆▆▇▇▇▇▇▇█████████
wandb: 
wandb: Run summary:
wandb:                  epoch 500
wandb: test/average_precision 0.69662
wandb:              test/loss 0.72219
wandb:      train/global_step 27500
wandb:             train/loss 0.00488
wandb:               train/lr 0.0
wandb:  val/average_precision 0.69907
wandb:               val/loss 0.64596
wandb: 
wandb: 🚀 View run daily-aardvark-10 at: https://wandb.ai/m_goloshchapov/peptides-func/runs/i5fz1nzb
wandb: ⭐️ View project at: https://wandb.ai/m_goloshchapov/peptides-func
wandb: Synced 5 W&B file(s), 0 media file(s), 0 artifact file(s) and 0 other file(s)
wandb: Find logs at: ./wandb/run-20260305_142357-i5fz1nzb/logs

Epoch 435, train loss 0.0053, val loss 0.6279, val average_precision 0.6991
Epoch 436, train loss 0.0054, val loss 0.6353, val average_precision 0.6991
Epoch 437, train loss 0.0055, val loss 0.6298, val average_precision 0.7005
Epoch 438, train loss 0.0054, val loss 0.6363, val average_precision 0.6998
Epoch 439, train loss 0.0057, val loss 0.6388, val average_precision 0.6988
Epoch 440, train loss 0.0054, val loss 0.6364, val average_precision 0.6977
Epoch 441, train loss 0.0054, val loss 0.6345, val average_precision 0.6989
Epoch 442, train loss 0.0053, val loss 0.6332, val average_precision 0.7001
Epoch 443, train loss 0.0052, val loss 0.6294, val average_precision 0.6996
Epoch 444, train loss 0.0056, val loss 0.6365, val average_precision 0.6969
Epoch 445, train loss 0.0061, val loss 0.6344, val average_precision 0.6978
Epoch 446, train loss 0.0056, val loss 0.6359, val average_precision 0.6984
Epoch 447, train loss 0.0052, val loss 0.6365, val average_precision 0.6982
Epoch 448, train loss 0.0050, val loss 0.6371, val average_precision 0.6986
Epoch 449, train loss 0.0050, val loss 0.6358, val average_precision 0.6977
Epoch 450, train loss 0.0054, val loss 0.6406, val average_precision 0.6986
Epoch 451, train loss 0.0051, val loss 0.6416, val average_precision 0.6982
Epoch 452, train loss 0.0052, val loss 0.6433, val average_precision 0.6990
Epoch 453, train loss 0.0050, val loss 0.6426, val average_precision 0.6985
Epoch 454, train loss 0.0052, val loss 0.6454, val average_precision 0.6979
Epoch 455, train loss 0.0052, val loss 0.6439, val average_precision 0.6984
Epoch 456, train loss 0.0046, val loss 0.6462, val average_precision 0.6983
Epoch 457, train loss 0.0051, val loss 0.6442, val average_precision 0.6975
Epoch 458, train loss 0.0050, val loss 0.6460, val average_precision 0.6980
Epoch 459, train loss 0.0050, val loss 0.6494, val average_precision 0.6975
Epoch 460, train loss 0.0051, val loss 0.6444, val average_precision 0.6974
Epoch 461, train loss 0.0052, val loss 0.6431, val average_precision 0.6981
Epoch 462, train loss 0.0050, val loss 0.6457, val average_precision 0.6979
Epoch 463, train loss 0.0052, val loss 0.6460, val average_precision 0.6976
Epoch 464, train loss 0.0049, val loss 0.6452, val average_precision 0.6981
Epoch 465, train loss 0.0054, val loss 0.6416, val average_precision 0.6978
Epoch 466, train loss 0.0051, val loss 0.6456, val average_precision 0.6980
Epoch 467, train loss 0.0047, val loss 0.6434, val average_precision 0.6982
Epoch 468, train loss 0.0049, val loss 0.6462, val average_precision 0.6980
Epoch 469, train loss 0.0049, val loss 0.6474, val average_precision 0.6977
Epoch 470, train loss 0.0052, val loss 0.6484, val average_precision 0.6978
Epoch 471, train loss 0.0052, val loss 0.6478, val average_precision 0.6980
Epoch 472, train loss 0.0049, val loss 0.6496, val average_precision 0.6981
Epoch 473, train loss 0.0052, val loss 0.6477, val average_precision 0.6984
Epoch 474, train loss 0.0047, val loss 0.6488, val average_precision 0.6984
Epoch 475, train loss 0.0050, val loss 0.6466, val average_precision 0.6982
Epoch 476, train loss 0.0048, val loss 0.6450, val average_precision 0.6991
Epoch 477, train loss 0.0051, val loss 0.6449, val average_precision 0.6991
Epoch 478, train loss 0.0048, val loss 0.6446, val average_precision 0.6990
Epoch 479, train loss 0.0049, val loss 0.6454, val average_precision 0.6989
Epoch 480, train loss 0.0046, val loss 0.6450, val average_precision 0.6990
Epoch 481, train loss 0.0052, val loss 0.6450, val average_precision 0.6992
Epoch 482, train loss 0.0050, val loss 0.6454, val average_precision 0.6990
Epoch 483, train loss 0.0052, val loss 0.6447, val average_precision 0.6990
Epoch 484, train loss 0.0053, val loss 0.6451, val average_precision 0.6989
Epoch 485, train loss 0.0049, val loss 0.6463, val average_precision 0.6986
Epoch 486, train loss 0.0050, val loss 0.6462, val average_precision 0.6988
Epoch 487, train loss 0.0047, val loss 0.6464, val average_precision 0.6986
Epoch 488, train loss 0.0048, val loss 0.6465, val average_precision 0.6988
Epoch 489, train loss 0.0046, val loss 0.6462, val average_precision 0.6988
Epoch 490, train loss 0.0048, val loss 0.6460, val average_precision 0.6989
Epoch 491, train loss 0.0047, val loss 0.6468, val average_precision 0.6987
Epoch 492, train loss 0.0048, val loss 0.6461, val average_precision 0.6989
Epoch 493, train loss 0.0054, val loss 0.6480, val average_precision 0.6981
Epoch 494, train loss 0.0046, val loss 0.6472, val average_precision 0.6987
Epoch 495, train loss 0.0048, val loss 0.6474, val average_precision 0.6985
Epoch 496, train loss 0.0047, val loss 0.6459, val average_precision 0.6989
Epoch 497, train loss 0.0048, val loss 0.6467, val average_precision 0.6989
Epoch 498, train loss 0.0048, val loss 0.6470, val average_precision 0.6985
Epoch 499, train loss 0.0048, val loss 0.6475, val average_precision 0.6983
Epoch 500, train loss 0.0049, val loss 0.6460, val average_precision 0.6991
Saved checkpoints: last='checkpoints/last.pt', best='checkpoints/best.pt'
